app/build/outputs/logs/manifest-merger-debug-report.txt
-- Merging decision tree log ---
manifest
ADDED from src/main/AndroidManifest.xml:2:1-20:12
	package
		ADDED from src/main/AndroidManifest.xml:4:33-62
		INJECTED from src/main/AndroidManifest.xml
		INJECTED from src/main/AndroidManifest.xml
	android:versionName
		ADDED from src/main/AndroidManifest.xml:4:7-32
		INJECTED from src/main/AndroidManifest.xml
		INJECTED from src/main/AndroidManifest.xml
	android:versionCode
		ADDED from src/main/AndroidManifest.xml:3:7-30
		INJECTED from src/main/AndroidManifest.xml
		INJECTED from src/main/AndroidManifest.xml
	xmlns:android
		ADDED from src/main/AndroidManifest.xml:2:11-69
uses-sdk
ADDED from src/main/AndroidManifest.xml:5:5-44
	android:targetSdkVersion
		INJECTED from src/main/AndroidManifest.xml
		INJECTED from src/main/AndroidManifest.xml
	android:minSdkVersion
		ADDED from src/main/AndroidManifest.xml:5:15-41
		INJECTED from src/main/AndroidManifest.xml
		INJECTED from src/main/AndroidManifest.xml
application
ADDED from src/main/AndroidManifest.xml:7:5-19:19
	android:label
		ADDED from src/main/AndroidManifest.xml:7:48-80
	android:icon
		ADDED from src/main/AndroidManifest.xml:7:18-47
activity#com.ice.homecontrol.HomeControl
ADDED from src/main/AndroidManifest.xml:8:7-14:20
	android:screenOrientation
		ADDED from src/main/AndroidManifest.xml:8:79-115
	android:label
		ADDED from src/main/AndroidManifest.xml:8:45-77
	android:theme
		ADDED from src/main/AndroidManifest.xml:9:11-53
	android:name
		ADDED from src/main/AndroidManifest.xml:8:17-44
intent-filter#android.intent.action.MAIN+android.intent.category.LAUNCHER
ADDED from src/main/AndroidManifest.xml:10:13-13:29
action#android.intent.action.MAIN
ADDED from src/main/AndroidManifest.xml:11:17-69
	android:name
		ADDED from src/main/AndroidManifest.xml:11:25-66
category#android.intent.category.LAUNCHER
ADDED from src/main/AndroidManifest.xml:12:17-77
	android:name
		ADDED from src/main/AndroidManifest.xml:12:27-74
activity#com.ice.homecontrol.HomeRemote
ADDED from src/main/AndroidManifest.xml:15:9-16:20
	android:name
		ADDED from src/main/AndroidManifest.xml:15:19-45
activity#com.ice.homecontrol.HomeGraph
ADDED from src/main/AndroidManifest.xml:17:9-18:20
	android:name
		ADDED from src/main/AndroidManifest.xml:17:19-44